  stdafx.cpp
  Sound.cpp
  SimpleGame.cpp
c:\users\admin\documents\gse_choiwoosuk_1_2013180042\simplegame\simplegame\simplegame.cpp(56): warning C4244: '인수': 'int'에서 'float'(으)로 변환하면서 데이터가 손실될 수 있습니다.
c:\users\admin\documents\gse_choiwoosuk_1_2013180042\simplegame\simplegame\simplegame.cpp(64): warning C4244: '인수': 'DWORD'에서 'float'(으)로 변환하면서 데이터가 손실될 수 있습니다.
c:\users\admin\documents\gse_choiwoosuk_1_2013180042\simplegame\simplegame\simplegame.cpp(87): warning C4244: '인수': 'int'에서 'float'(으)로 변환하면서 데이터가 손실될 수 있습니다.
c:\users\admin\documents\gse_choiwoosuk_1_2013180042\simplegame\simplegame\simplegame.cpp(92): warning C4244: '인수': 'int'에서 'float'(으)로 변환하면서 데이터가 손실될 수 있습니다.
  SceneManager.cpp
c:\users\admin\documents\gse_choiwoosuk_1_2013180042\simplegame\simplegame\scenemanager.cpp(33): warning C4305: '인수': 'double'에서 'float'(으)로 잘립니다.
c:\users\admin\documents\gse_choiwoosuk_1_2013180042\simplegame\simplegame\scenemanager.cpp(34): warning C4305: '인수': 'double'에서 'float'(으)로 잘립니다.
c:\users\admin\documents\gse_choiwoosuk_1_2013180042\simplegame\simplegame\scenemanager.cpp(41): warning C4305: '인수': 'double'에서 'float'(으)로 잘립니다.
c:\users\admin\documents\gse_choiwoosuk_1_2013180042\simplegame\simplegame\scenemanager.cpp(42): warning C4305: '인수': 'double'에서 'float'(으)로 잘립니다.
c:\users\admin\documents\gse_choiwoosuk_1_2013180042\simplegame\simplegame\scenemanager.cpp(46): warning C4305: '인수': 'double'에서 'float'(으)로 잘립니다.
c:\users\admin\documents\gse_choiwoosuk_1_2013180042\simplegame\simplegame\scenemanager.cpp(47): warning C4305: '인수': 'double'에서 'float'(으)로 잘립니다.
c:\users\admin\documents\gse_choiwoosuk_1_2013180042\simplegame\simplegame\scenemanager.cpp(53): warning C4305: '인수': 'double'에서 'float'(으)로 잘립니다.
c:\users\admin\documents\gse_choiwoosuk_1_2013180042\simplegame\simplegame\scenemanager.cpp(59): warning C4305: '인수': 'double'에서 'float'(으)로 잘립니다.
c:\users\admin\documents\gse_choiwoosuk_1_2013180042\simplegame\simplegame\scenemanager.cpp(63): warning C4305: '인수': 'double'에서 'float'(으)로 잘립니다.
c:\users\admin\documents\gse_choiwoosuk_1_2013180042\simplegame\simplegame\scenemanager.cpp(68): warning C4305: '인수': 'double'에서 'float'(으)로 잘립니다.
c:\users\admin\documents\gse_choiwoosuk_1_2013180042\simplegame\simplegame\scenemanager.cpp(318): warning C4305: '+=': 'double'에서 'float'(으)로 잘립니다.
  Renderer.cpp
c:\users\admin\documents\gse_choiwoosuk_1_2013180042\simplegame\simplegame\renderer.cpp(257): warning C4244: '=': 'double'에서 'float'(으)로 변환하면서 데이터가 손실될 수 있습니다.
c:\users\admin\documents\gse_choiwoosuk_1_2013180042\simplegame\simplegame\renderer.cpp(258): warning C4244: '=': 'double'에서 'float'(으)로 변환하면서 데이터가 손실될 수 있습니다.
c:\users\admin\documents\gse_choiwoosuk_1_2013180042\simplegame\simplegame\renderer.cpp(558): warning C4267: '=': 'size_t'에서 'GLint'(으)로 변환하면서 데이터가 손실될 수 있습니다.
c:\users\admin\documents\gse_choiwoosuk_1_2013180042\simplegame\simplegame\renderer.cpp(1118): warning C4244: '인수': 'float'에서 'GLint'(으)로 변환하면서 데이터가 손실될 수 있습니다.
c:\users\admin\documents\gse_choiwoosuk_1_2013180042\simplegame\simplegame\renderer.cpp(1194): warning C4018: '<': signed 또는 unsigned가 일치하지 않습니다.
  Object.cpp
c:\users\admin\documents\gse_choiwoosuk_1_2013180042\simplegame\simplegame\object.cpp(25): warning C4305: '=': 'double'에서 'float'(으)로 잘립니다.
c:\users\admin\documents\gse_choiwoosuk_1_2013180042\simplegame\simplegame\object.cpp(43): warning C4305: '=': 'double'에서 'float'(으)로 잘립니다.
c:\users\admin\documents\gse_choiwoosuk_1_2013180042\simplegame\simplegame\object.cpp(62): warning C4305: '=': 'double'에서 'float'(으)로 잘립니다.
c:\users\admin\documents\gse_choiwoosuk_1_2013180042\simplegame\simplegame\object.cpp(81): warning C4305: '=': 'double'에서 'float'(으)로 잘립니다.
c:\users\admin\documents\gse_choiwoosuk_1_2013180042\simplegame\simplegame\object.cpp(101): warning C4305: '=': 'double'에서 'float'(으)로 잘립니다.
c:\users\admin\documents\gse_choiwoosuk_1_2013180042\simplegame\simplegame\object.cpp(120): warning C4305: '=': 'double'에서 'float'(으)로 잘립니다.
c:\users\admin\documents\gse_choiwoosuk_1_2013180042\simplegame\simplegame\object.cpp(140): warning C4305: '=': 'double'에서 'float'(으)로 잘립니다.
c:\users\admin\documents\gse_choiwoosuk_1_2013180042\simplegame\simplegame\object.cpp(158): warning C4305: '=': 'double'에서 'float'(으)로 잘립니다.
  LoadPng.cpp
c:\users\admin\documents\gse_choiwoosuk_1_2013180042\simplegame\simplegame\loadpng.cpp(800): warning C4334: '<<': 32비트 시프트의 결과가 암시적으로 64비트로 변환됩니다. 64비트 시프트를 사용하시겠습니까?
c:\users\admin\documents\gse_choiwoosuk_1_2013180042\simplegame\simplegame\loadpng.cpp(1462): warning C4267: '=': 'size_t'에서 'int'(으)로 변환하면서 데이터가 손실될 수 있습니다.
c:\users\admin\documents\gse_choiwoosuk_1_2013180042\simplegame\simplegame\loadpng.cpp(1466): warning C4267: '=': 'size_t'에서 'int'(으)로 변환하면서 데이터가 손실될 수 있습니다.
c:\users\admin\documents\gse_choiwoosuk_1_2013180042\simplegame\simplegame\loadpng.cpp(1538): warning C4267: '=': 'size_t'에서 'unsigned int'(으)로 변환하면서 데이터가 손실될 수 있습니다.
c:\users\admin\documents\gse_choiwoosuk_1_2013180042\simplegame\simplegame\loadpng.cpp(3483): warning C4334: '<<': 32비트 시프트의 결과가 암시적으로 64비트로 변환됩니다. 64비트 시프트를 사용하시겠습니까?
c:\users\admin\documents\gse_choiwoosuk_1_2013180042\simplegame\simplegame\loadpng.cpp(3497): warning C4267: '인수': 'size_t'에서 'unsigned int'(으)로 변환하면서 데이터가 손실될 수 있습니다.
c:\users\admin\documents\gse_choiwoosuk_1_2013180042\simplegame\simplegame\loadpng.cpp(4338): warning C4267: '=': 'size_t'에서 'unsigned int'(으)로 변환하면서 데이터가 손실될 수 있습니다.
c:\users\admin\documents\gse_choiwoosuk_1_2013180042\simplegame\simplegame\loadpng.cpp(4386): warning C4267: '=': 'size_t'에서 'unsigned int'(으)로 변환하면서 데이터가 손실될 수 있습니다.
c:\users\admin\documents\gse_choiwoosuk_1_2013180042\simplegame\simplegame\loadpng.cpp(4466): warning C4267: '=': 'size_t'에서 'unsigned int'(으)로 변환하면서 데이터가 손실될 수 있습니다.
c:\users\admin\documents\gse_choiwoosuk_1_2013180042\simplegame\simplegame\loadpng.cpp(5409): warning C4267: '초기화 중': 'size_t'에서 'unsigned int'(으)로 변환하면서 데이터가 손실될 수 있습니다.
  코드를 생성하고 있습니다...
  SimpleGame.vcxproj -> C:\Users\admin\Documents\GSE_ChoiWooSuk_1_2013180042\SimpleGame\x64\Debug\SimpleGame.exe
